<?xml version="1.0" encoding="UTF-8"?>
<!-- Generated by org.testng.reporters.JUnitReportReporter -->
<testsuite skipped="0" hostname="Msk2-Learning-05" name="com.github.automatedowl.examples.WebHostTest" tests="1" failures="0" timestamp="09 сен 2019 13:59:12 GMT" time="9.202" errors="0">
  <testcase name="site88Test" time="9.202" classname="com.github.automatedowl.examples.WebHostTest"/>
</testsuite> <!-- com.github.automatedowl.examples.WebHostTest -->
